[2015-12-17 16:13:15,202] INFO Verifying properties (kafka.utils.VerifiableProperties)
[2015-12-17 16:13:15,237] INFO Property batch.num.messages is overridden to 200 (kafka.utils.VerifiableProperties)
[2015-12-17 16:13:15,238] INFO Property client.id is overridden to test-producer (kafka.utils.VerifiableProperties)
[2015-12-17 16:13:15,238] INFO Property compression.codec is overridden to snappy (kafka.utils.VerifiableProperties)
[2015-12-17 16:13:15,238] INFO Property message.send.max.retries is overridden to 3 (kafka.utils.VerifiableProperties)
[2015-12-17 16:13:15,238] INFO Property metadata.broker.list is overridden to 192.168.0.63:9092 (kafka.utils.VerifiableProperties)
[2015-12-17 16:13:15,238] INFO Property partitioner.class is overridden to kafka.producer.DefaultPartitioner (kafka.utils.VerifiableProperties)
[2015-12-17 16:13:15,239] INFO Property producer.type is overridden to sync (kafka.utils.VerifiableProperties)
[2015-12-17 16:13:15,239] INFO Property queue.buffering.max.messages is overridden to 10000 (kafka.utils.VerifiableProperties)
[2015-12-17 16:13:15,239] INFO Property queue.buffering.max.ms is overridden to 5000 (kafka.utils.VerifiableProperties)
[2015-12-17 16:13:15,239] INFO Property queue.enqueue.timeout.ms is overridden to -1 (kafka.utils.VerifiableProperties)
[2015-12-17 16:13:15,239] INFO Property request.required.acks is overridden to 0 (kafka.utils.VerifiableProperties)
[2015-12-17 16:13:15,239] INFO Property serializer.class is overridden to kafka.serializer.DefaultEncoder (kafka.utils.VerifiableProperties)
[2015-12-17 16:13:15,240] INFO Property topic.metadata.refresh.interval.ms is overridden to 600000 (kafka.utils.VerifiableProperties)
[2015-12-17 16:13:15,310] INFO Verifying properties (kafka.utils.VerifiableProperties)
[2015-12-17 16:13:15,311] INFO Property batch.num.messages is overridden to 200 (kafka.utils.VerifiableProperties)
[2015-12-17 16:13:15,311] INFO Property client.id is overridden to test-producer (kafka.utils.VerifiableProperties)
[2015-12-17 16:13:15,311] INFO Property compression.codec is overridden to snappy (kafka.utils.VerifiableProperties)
[2015-12-17 16:13:15,311] INFO Property message.send.max.retries is overridden to 3 (kafka.utils.VerifiableProperties)
[2015-12-17 16:13:15,312] INFO Property metadata.broker.list is overridden to 192.168.0.63:9092 (kafka.utils.VerifiableProperties)
[2015-12-17 16:13:15,312] INFO Property partitioner.class is overridden to kafka.producer.DefaultPartitioner (kafka.utils.VerifiableProperties)
[2015-12-17 16:13:15,312] INFO Property producer.type is overridden to sync (kafka.utils.VerifiableProperties)
[2015-12-17 16:13:15,312] INFO Property queue.buffering.max.messages is overridden to 10000 (kafka.utils.VerifiableProperties)
[2015-12-17 16:13:15,312] INFO Property queue.buffering.max.ms is overridden to 5000 (kafka.utils.VerifiableProperties)
[2015-12-17 16:13:15,312] INFO Property queue.enqueue.timeout.ms is overridden to -1 (kafka.utils.VerifiableProperties)
[2015-12-17 16:13:15,312] INFO Property request.required.acks is overridden to 0 (kafka.utils.VerifiableProperties)
[2015-12-17 16:13:15,313] INFO Property serializer.class is overridden to kafka.serializer.DefaultEncoder (kafka.utils.VerifiableProperties)
[2015-12-17 16:13:15,313] INFO Property topic.metadata.refresh.interval.ms is overridden to 600000 (kafka.utils.VerifiableProperties)
[2015-12-17 16:13:15,314] INFO Verifying properties (kafka.utils.VerifiableProperties)
[2015-12-17 16:13:15,314] INFO Property batch.num.messages is overridden to 200 (kafka.utils.VerifiableProperties)
[2015-12-17 16:13:15,314] INFO Property client.id is overridden to test-producer (kafka.utils.VerifiableProperties)
[2015-12-17 16:13:15,314] INFO Property compression.codec is overridden to snappy (kafka.utils.VerifiableProperties)
[2015-12-17 16:13:15,315] INFO Property message.send.max.retries is overridden to 3 (kafka.utils.VerifiableProperties)
[2015-12-17 16:13:15,315] INFO Property metadata.broker.list is overridden to 192.168.0.63:9092 (kafka.utils.VerifiableProperties)
[2015-12-17 16:13:15,315] INFO Property partitioner.class is overridden to kafka.producer.DefaultPartitioner (kafka.utils.VerifiableProperties)
[2015-12-17 16:13:15,315] INFO Property producer.type is overridden to sync (kafka.utils.VerifiableProperties)
[2015-12-17 16:13:15,317] INFO Property queue.buffering.max.messages is overridden to 10000 (kafka.utils.VerifiableProperties)
[2015-12-17 16:13:15,317] INFO Property queue.buffering.max.ms is overridden to 5000 (kafka.utils.VerifiableProperties)
[2015-12-17 16:13:15,317] INFO Property queue.enqueue.timeout.ms is overridden to -1 (kafka.utils.VerifiableProperties)
[2015-12-17 16:13:15,317] INFO Property request.required.acks is overridden to 0 (kafka.utils.VerifiableProperties)
[2015-12-17 16:13:15,318] INFO Property serializer.class is overridden to kafka.serializer.DefaultEncoder (kafka.utils.VerifiableProperties)
[2015-12-17 16:13:15,318] INFO Property topic.metadata.refresh.interval.ms is overridden to 600000 (kafka.utils.VerifiableProperties)
[2015-12-17 16:13:15,319] INFO Verifying properties (kafka.utils.VerifiableProperties)
[2015-12-17 16:13:15,319] INFO Property batch.num.messages is overridden to 200 (kafka.utils.VerifiableProperties)
[2015-12-17 16:13:15,319] INFO Property client.id is overridden to test-producer (kafka.utils.VerifiableProperties)
[2015-12-17 16:13:15,320] INFO Property compression.codec is overridden to snappy (kafka.utils.VerifiableProperties)
[2015-12-17 16:13:15,320] INFO Property message.send.max.retries is overridden to 3 (kafka.utils.VerifiableProperties)
[2015-12-17 16:13:15,320] INFO Property metadata.broker.list is overridden to 192.168.0.63:9092 (kafka.utils.VerifiableProperties)
[2015-12-17 16:13:15,320] INFO Property partitioner.class is overridden to kafka.producer.DefaultPartitioner (kafka.utils.VerifiableProperties)
[2015-12-17 16:13:15,321] INFO Property producer.type is overridden to sync (kafka.utils.VerifiableProperties)
[2015-12-17 16:13:15,321] INFO Property queue.buffering.max.messages is overridden to 10000 (kafka.utils.VerifiableProperties)
[2015-12-17 16:13:15,321] INFO Property queue.buffering.max.ms is overridden to 5000 (kafka.utils.VerifiableProperties)
[2015-12-17 16:13:15,321] INFO Property queue.enqueue.timeout.ms is overridden to -1 (kafka.utils.VerifiableProperties)
[2015-12-17 16:13:15,322] INFO Property request.required.acks is overridden to 0 (kafka.utils.VerifiableProperties)
[2015-12-17 16:13:15,322] INFO Property serializer.class is overridden to kafka.serializer.DefaultEncoder (kafka.utils.VerifiableProperties)
[2015-12-17 16:13:15,322] INFO Property topic.metadata.refresh.interval.ms is overridden to 600000 (kafka.utils.VerifiableProperties)
[2015-12-17 16:13:15,323] INFO Verifying properties (kafka.utils.VerifiableProperties)
[2015-12-17 16:13:15,323] INFO Property batch.num.messages is overridden to 200 (kafka.utils.VerifiableProperties)
[2015-12-17 16:13:15,324] INFO Property client.id is overridden to test-producer (kafka.utils.VerifiableProperties)
[2015-12-17 16:13:15,324] INFO Property compression.codec is overridden to snappy (kafka.utils.VerifiableProperties)
[2015-12-17 16:13:15,324] INFO Property message.send.max.retries is overridden to 3 (kafka.utils.VerifiableProperties)
[2015-12-17 16:13:15,324] INFO Property metadata.broker.list is overridden to 192.168.0.63:9092 (kafka.utils.VerifiableProperties)
[2015-12-17 16:13:15,324] INFO Property partitioner.class is overridden to kafka.producer.DefaultPartitioner (kafka.utils.VerifiableProperties)
[2015-12-17 16:13:15,324] INFO Property producer.type is overridden to sync (kafka.utils.VerifiableProperties)
[2015-12-17 16:13:15,324] INFO Property queue.buffering.max.messages is overridden to 10000 (kafka.utils.VerifiableProperties)
[2015-12-17 16:13:15,325] INFO Property queue.buffering.max.ms is overridden to 5000 (kafka.utils.VerifiableProperties)
[2015-12-17 16:13:15,325] INFO Property queue.enqueue.timeout.ms is overridden to -1 (kafka.utils.VerifiableProperties)
[2015-12-17 16:13:15,325] INFO Property request.required.acks is overridden to 0 (kafka.utils.VerifiableProperties)
[2015-12-17 16:13:15,325] INFO Property serializer.class is overridden to kafka.serializer.DefaultEncoder (kafka.utils.VerifiableProperties)
[2015-12-17 16:13:15,325] INFO Property topic.metadata.refresh.interval.ms is overridden to 600000 (kafka.utils.VerifiableProperties)
[2015-12-17 16:13:15,326] INFO Verifying properties (kafka.utils.VerifiableProperties)
[2015-12-17 16:13:15,326] INFO Property batch.num.messages is overridden to 200 (kafka.utils.VerifiableProperties)
[2015-12-17 16:13:15,326] INFO Property client.id is overridden to test-producer (kafka.utils.VerifiableProperties)
[2015-12-17 16:13:15,326] INFO Property compression.codec is overridden to snappy (kafka.utils.VerifiableProperties)
[2015-12-17 16:13:15,327] INFO Property message.send.max.retries is overridden to 3 (kafka.utils.VerifiableProperties)
[2015-12-17 16:13:15,327] INFO Property metadata.broker.list is overridden to 192.168.0.63:9092 (kafka.utils.VerifiableProperties)
[2015-12-17 16:13:15,327] INFO Property partitioner.class is overridden to kafka.producer.DefaultPartitioner (kafka.utils.VerifiableProperties)
[2015-12-17 16:13:15,327] INFO Property producer.type is overridden to sync (kafka.utils.VerifiableProperties)
[2015-12-17 16:13:15,328] INFO Property queue.buffering.max.messages is overridden to 10000 (kafka.utils.VerifiableProperties)
[2015-12-17 16:13:15,328] INFO Property queue.buffering.max.ms is overridden to 5000 (kafka.utils.VerifiableProperties)
[2015-12-17 16:13:15,328] INFO Property queue.enqueue.timeout.ms is overridden to -1 (kafka.utils.VerifiableProperties)
[2015-12-17 16:13:15,328] INFO Property request.required.acks is overridden to 0 (kafka.utils.VerifiableProperties)
[2015-12-17 16:13:15,328] INFO Property serializer.class is overridden to kafka.serializer.DefaultEncoder (kafka.utils.VerifiableProperties)
[2015-12-17 16:13:15,328] INFO Property topic.metadata.refresh.interval.ms is overridden to 600000 (kafka.utils.VerifiableProperties)
[2015-12-17 16:13:15,329] INFO Verifying properties (kafka.utils.VerifiableProperties)
[2015-12-17 16:13:15,330] INFO Property batch.num.messages is overridden to 200 (kafka.utils.VerifiableProperties)
[2015-12-17 16:13:15,330] INFO Property client.id is overridden to test-producer (kafka.utils.VerifiableProperties)
[2015-12-17 16:13:15,330] INFO Property compression.codec is overridden to snappy (kafka.utils.VerifiableProperties)
[2015-12-17 16:13:15,330] INFO Property message.send.max.retries is overridden to 3 (kafka.utils.VerifiableProperties)
[2015-12-17 16:13:15,330] INFO Property metadata.broker.list is overridden to 192.168.0.63:9092 (kafka.utils.VerifiableProperties)
[2015-12-17 16:13:15,330] INFO Property partitioner.class is overridden to kafka.producer.DefaultPartitioner (kafka.utils.VerifiableProperties)
[2015-12-17 16:13:15,330] INFO Property producer.type is overridden to sync (kafka.utils.VerifiableProperties)
[2015-12-17 16:13:15,331] INFO Property queue.buffering.max.messages is overridden to 10000 (kafka.utils.VerifiableProperties)
[2015-12-17 16:13:15,331] INFO Property queue.buffering.max.ms is overridden to 5000 (kafka.utils.VerifiableProperties)
[2015-12-17 16:13:15,331] INFO Property queue.enqueue.timeout.ms is overridden to -1 (kafka.utils.VerifiableProperties)
[2015-12-17 16:13:15,331] INFO Property request.required.acks is overridden to 0 (kafka.utils.VerifiableProperties)
[2015-12-17 16:13:15,331] INFO Property serializer.class is overridden to kafka.serializer.DefaultEncoder (kafka.utils.VerifiableProperties)
[2015-12-17 16:13:15,331] INFO Property topic.metadata.refresh.interval.ms is overridden to 600000 (kafka.utils.VerifiableProperties)
[2015-12-17 16:13:15,332] INFO Verifying properties (kafka.utils.VerifiableProperties)
[2015-12-17 16:13:15,332] INFO Property batch.num.messages is overridden to 200 (kafka.utils.VerifiableProperties)
[2015-12-17 16:13:15,332] INFO Property client.id is overridden to test-producer (kafka.utils.VerifiableProperties)
[2015-12-17 16:13:15,332] INFO Property compression.codec is overridden to snappy (kafka.utils.VerifiableProperties)
[2015-12-17 16:13:15,332] INFO Property message.send.max.retries is overridden to 3 (kafka.utils.VerifiableProperties)
[2015-12-17 16:13:15,333] INFO Property metadata.broker.list is overridden to 192.168.0.63:9092 (kafka.utils.VerifiableProperties)
[2015-12-17 16:13:15,333] INFO Property partitioner.class is overridden to kafka.producer.DefaultPartitioner (kafka.utils.VerifiableProperties)
[2015-12-17 16:13:15,333] INFO Property producer.type is overridden to sync (kafka.utils.VerifiableProperties)
[2015-12-17 16:13:15,333] INFO Property queue.buffering.max.messages is overridden to 10000 (kafka.utils.VerifiableProperties)
[2015-12-17 16:13:15,333] INFO Property queue.buffering.max.ms is overridden to 5000 (kafka.utils.VerifiableProperties)
[2015-12-17 16:13:15,333] INFO Property queue.enqueue.timeout.ms is overridden to -1 (kafka.utils.VerifiableProperties)
[2015-12-17 16:13:15,334] INFO Property request.required.acks is overridden to 0 (kafka.utils.VerifiableProperties)
[2015-12-17 16:13:15,334] INFO Property serializer.class is overridden to kafka.serializer.DefaultEncoder (kafka.utils.VerifiableProperties)
[2015-12-17 16:13:15,334] INFO Property topic.metadata.refresh.interval.ms is overridden to 600000 (kafka.utils.VerifiableProperties)
[2015-12-17 16:13:15,425] INFO Fetching metadata from broker id:0,host:192.168.0.63,port:9092 with correlation id 0 for 1 topic(s) Set(test) (kafka.client.ClientUtils$)
[2015-12-17 16:13:15,449] INFO Connected to 192.168.0.63:9092 for producing (kafka.producer.SyncProducer)
[2015-12-17 16:13:15,467] INFO Disconnecting from 192.168.0.63:9092 (kafka.producer.SyncProducer)
[2015-12-17 16:13:15,668] INFO Connected to PC201512041540:9092 for producing (kafka.producer.SyncProducer)
[2015-12-17 16:15:15,290] INFO Verifying properties (kafka.utils.VerifiableProperties)
[2015-12-17 16:15:15,332] INFO Property batch.num.messages is overridden to 200 (kafka.utils.VerifiableProperties)
[2015-12-17 16:15:15,332] INFO Property client.id is overridden to test-producer (kafka.utils.VerifiableProperties)
[2015-12-17 16:15:15,332] INFO Property compression.codec is overridden to snappy (kafka.utils.VerifiableProperties)
[2015-12-17 16:15:15,332] INFO Property message.send.max.retries is overridden to 3 (kafka.utils.VerifiableProperties)
[2015-12-17 16:15:15,332] INFO Property metadata.broker.list is overridden to 192.168.0.63:9092 (kafka.utils.VerifiableProperties)
[2015-12-17 16:15:15,333] INFO Property partitioner.class is overridden to kafka.producer.DefaultPartitioner (kafka.utils.VerifiableProperties)
[2015-12-17 16:15:15,333] INFO Property producer.type is overridden to sync (kafka.utils.VerifiableProperties)
[2015-12-17 16:15:15,333] INFO Property queue.buffering.max.messages is overridden to 10000 (kafka.utils.VerifiableProperties)
[2015-12-17 16:15:15,333] INFO Property queue.buffering.max.ms is overridden to 5000 (kafka.utils.VerifiableProperties)
[2015-12-17 16:15:15,333] INFO Property queue.enqueue.timeout.ms is overridden to -1 (kafka.utils.VerifiableProperties)
[2015-12-17 16:15:15,333] INFO Property request.required.acks is overridden to 0 (kafka.utils.VerifiableProperties)
[2015-12-17 16:15:15,334] INFO Property serializer.class is overridden to kafka.serializer.DefaultEncoder (kafka.utils.VerifiableProperties)
[2015-12-17 16:15:15,334] INFO Property topic.metadata.refresh.interval.ms is overridden to 600000 (kafka.utils.VerifiableProperties)
[2015-12-17 16:15:15,413] INFO Verifying properties (kafka.utils.VerifiableProperties)
[2015-12-17 16:15:15,413] INFO Property batch.num.messages is overridden to 200 (kafka.utils.VerifiableProperties)
[2015-12-17 16:15:15,413] INFO Property client.id is overridden to test-producer (kafka.utils.VerifiableProperties)
[2015-12-17 16:15:15,413] INFO Property compression.codec is overridden to snappy (kafka.utils.VerifiableProperties)
[2015-12-17 16:15:15,413] INFO Property message.send.max.retries is overridden to 3 (kafka.utils.VerifiableProperties)
[2015-12-17 16:15:15,414] INFO Property metadata.broker.list is overridden to 192.168.0.63:9092 (kafka.utils.VerifiableProperties)
[2015-12-17 16:15:15,414] INFO Property partitioner.class is overridden to kafka.producer.DefaultPartitioner (kafka.utils.VerifiableProperties)
[2015-12-17 16:15:15,414] INFO Property producer.type is overridden to sync (kafka.utils.VerifiableProperties)
[2015-12-17 16:15:15,414] INFO Property queue.buffering.max.messages is overridden to 10000 (kafka.utils.VerifiableProperties)
[2015-12-17 16:15:15,414] INFO Property queue.buffering.max.ms is overridden to 5000 (kafka.utils.VerifiableProperties)
[2015-12-17 16:15:15,415] INFO Property queue.enqueue.timeout.ms is overridden to -1 (kafka.utils.VerifiableProperties)
[2015-12-17 16:15:15,415] INFO Property request.required.acks is overridden to 0 (kafka.utils.VerifiableProperties)
[2015-12-17 16:15:15,415] INFO Property serializer.class is overridden to kafka.serializer.DefaultEncoder (kafka.utils.VerifiableProperties)
[2015-12-17 16:15:15,415] INFO Property topic.metadata.refresh.interval.ms is overridden to 600000 (kafka.utils.VerifiableProperties)
[2015-12-17 16:15:15,416] INFO Verifying properties (kafka.utils.VerifiableProperties)
[2015-12-17 16:15:15,416] INFO Property batch.num.messages is overridden to 200 (kafka.utils.VerifiableProperties)
[2015-12-17 16:15:15,416] INFO Property client.id is overridden to test-producer (kafka.utils.VerifiableProperties)
[2015-12-17 16:15:15,416] INFO Property compression.codec is overridden to snappy (kafka.utils.VerifiableProperties)
[2015-12-17 16:15:15,416] INFO Property message.send.max.retries is overridden to 3 (kafka.utils.VerifiableProperties)
[2015-12-17 16:15:15,416] INFO Property metadata.broker.list is overridden to 192.168.0.63:9092 (kafka.utils.VerifiableProperties)
[2015-12-17 16:15:15,417] INFO Property partitioner.class is overridden to kafka.producer.DefaultPartitioner (kafka.utils.VerifiableProperties)
[2015-12-17 16:15:15,417] INFO Property producer.type is overridden to sync (kafka.utils.VerifiableProperties)
[2015-12-17 16:15:15,417] INFO Property queue.buffering.max.messages is overridden to 10000 (kafka.utils.VerifiableProperties)
[2015-12-17 16:15:15,417] INFO Property queue.buffering.max.ms is overridden to 5000 (kafka.utils.VerifiableProperties)
[2015-12-17 16:15:15,418] INFO Property queue.enqueue.timeout.ms is overridden to -1 (kafka.utils.VerifiableProperties)
[2015-12-17 16:15:15,418] INFO Property request.required.acks is overridden to 0 (kafka.utils.VerifiableProperties)
[2015-12-17 16:15:15,418] INFO Property serializer.class is overridden to kafka.serializer.DefaultEncoder (kafka.utils.VerifiableProperties)
[2015-12-17 16:15:15,418] INFO Property topic.metadata.refresh.interval.ms is overridden to 600000 (kafka.utils.VerifiableProperties)
[2015-12-17 16:15:15,419] INFO Verifying properties (kafka.utils.VerifiableProperties)
[2015-12-17 16:15:15,419] INFO Property batch.num.messages is overridden to 200 (kafka.utils.VerifiableProperties)
[2015-12-17 16:15:15,419] INFO Property client.id is overridden to test-producer (kafka.utils.VerifiableProperties)
[2015-12-17 16:15:15,419] INFO Property compression.codec is overridden to snappy (kafka.utils.VerifiableProperties)
[2015-12-17 16:15:15,420] INFO Property message.send.max.retries is overridden to 3 (kafka.utils.VerifiableProperties)
[2015-12-17 16:15:15,420] INFO Property metadata.broker.list is overridden to 192.168.0.63:9092 (kafka.utils.VerifiableProperties)
[2015-12-17 16:15:15,420] INFO Property partitioner.class is overridden to kafka.producer.DefaultPartitioner (kafka.utils.VerifiableProperties)
[2015-12-17 16:15:15,420] INFO Property producer.type is overridden to sync (kafka.utils.VerifiableProperties)
[2015-12-17 16:15:15,420] INFO Property queue.buffering.max.messages is overridden to 10000 (kafka.utils.VerifiableProperties)
[2015-12-17 16:15:15,420] INFO Property queue.buffering.max.ms is overridden to 5000 (kafka.utils.VerifiableProperties)
[2015-12-17 16:15:15,421] INFO Property queue.enqueue.timeout.ms is overridden to -1 (kafka.utils.VerifiableProperties)
[2015-12-17 16:15:15,421] INFO Property request.required.acks is overridden to 0 (kafka.utils.VerifiableProperties)
[2015-12-17 16:15:15,421] INFO Property serializer.class is overridden to kafka.serializer.DefaultEncoder (kafka.utils.VerifiableProperties)
[2015-12-17 16:15:15,421] INFO Property topic.metadata.refresh.interval.ms is overridden to 600000 (kafka.utils.VerifiableProperties)
[2015-12-17 16:15:15,422] INFO Verifying properties (kafka.utils.VerifiableProperties)
[2015-12-17 16:15:15,422] INFO Property batch.num.messages is overridden to 200 (kafka.utils.VerifiableProperties)
[2015-12-17 16:15:15,422] INFO Property client.id is overridden to test-producer (kafka.utils.VerifiableProperties)
[2015-12-17 16:15:15,422] INFO Property compression.codec is overridden to snappy (kafka.utils.VerifiableProperties)
[2015-12-17 16:15:15,422] INFO Property message.send.max.retries is overridden to 3 (kafka.utils.VerifiableProperties)
[2015-12-17 16:15:15,423] INFO Property metadata.broker.list is overridden to 192.168.0.63:9092 (kafka.utils.VerifiableProperties)
[2015-12-17 16:15:15,423] INFO Property partitioner.class is overridden to kafka.producer.DefaultPartitioner (kafka.utils.VerifiableProperties)
[2015-12-17 16:15:15,423] INFO Property producer.type is overridden to sync (kafka.utils.VerifiableProperties)
[2015-12-17 16:15:15,423] INFO Property queue.buffering.max.messages is overridden to 10000 (kafka.utils.VerifiableProperties)
[2015-12-17 16:15:15,423] INFO Property queue.buffering.max.ms is overridden to 5000 (kafka.utils.VerifiableProperties)
[2015-12-17 16:15:15,423] INFO Property queue.enqueue.timeout.ms is overridden to -1 (kafka.utils.VerifiableProperties)
[2015-12-17 16:15:15,424] INFO Property request.required.acks is overridden to 0 (kafka.utils.VerifiableProperties)
[2015-12-17 16:15:15,424] INFO Property serializer.class is overridden to kafka.serializer.DefaultEncoder (kafka.utils.VerifiableProperties)
[2015-12-17 16:15:15,424] INFO Property topic.metadata.refresh.interval.ms is overridden to 600000 (kafka.utils.VerifiableProperties)
[2015-12-17 16:15:15,424] INFO Verifying properties (kafka.utils.VerifiableProperties)
[2015-12-17 16:15:15,425] INFO Property batch.num.messages is overridden to 200 (kafka.utils.VerifiableProperties)
[2015-12-17 16:15:15,425] INFO Property client.id is overridden to test-producer (kafka.utils.VerifiableProperties)
[2015-12-17 16:15:15,425] INFO Property compression.codec is overridden to snappy (kafka.utils.VerifiableProperties)
[2015-12-17 16:15:15,425] INFO Property message.send.max.retries is overridden to 3 (kafka.utils.VerifiableProperties)
[2015-12-17 16:15:15,425] INFO Property metadata.broker.list is overridden to 192.168.0.63:9092 (kafka.utils.VerifiableProperties)
[2015-12-17 16:15:15,425] INFO Property partitioner.class is overridden to kafka.producer.DefaultPartitioner (kafka.utils.VerifiableProperties)
[2015-12-17 16:15:15,426] INFO Property producer.type is overridden to sync (kafka.utils.VerifiableProperties)
[2015-12-17 16:15:15,426] INFO Property queue.buffering.max.messages is overridden to 10000 (kafka.utils.VerifiableProperties)
[2015-12-17 16:15:15,426] INFO Property queue.buffering.max.ms is overridden to 5000 (kafka.utils.VerifiableProperties)
[2015-12-17 16:15:15,426] INFO Property queue.enqueue.timeout.ms is overridden to -1 (kafka.utils.VerifiableProperties)
[2015-12-17 16:15:15,426] INFO Property request.required.acks is overridden to 0 (kafka.utils.VerifiableProperties)
[2015-12-17 16:15:15,426] INFO Property serializer.class is overridden to kafka.serializer.DefaultEncoder (kafka.utils.VerifiableProperties)
[2015-12-17 16:15:15,426] INFO Property topic.metadata.refresh.interval.ms is overridden to 600000 (kafka.utils.VerifiableProperties)
[2015-12-17 16:15:15,427] INFO Verifying properties (kafka.utils.VerifiableProperties)
[2015-12-17 16:15:15,427] INFO Property batch.num.messages is overridden to 200 (kafka.utils.VerifiableProperties)
[2015-12-17 16:15:15,427] INFO Property client.id is overridden to test-producer (kafka.utils.VerifiableProperties)
[2015-12-17 16:15:15,427] INFO Property compression.codec is overridden to snappy (kafka.utils.VerifiableProperties)
[2015-12-17 16:15:15,428] INFO Property message.send.max.retries is overridden to 3 (kafka.utils.VerifiableProperties)
[2015-12-17 16:15:15,428] INFO Property metadata.broker.list is overridden to 192.168.0.63:9092 (kafka.utils.VerifiableProperties)
[2015-12-17 16:15:15,428] INFO Property partitioner.class is overridden to kafka.producer.DefaultPartitioner (kafka.utils.VerifiableProperties)
[2015-12-17 16:15:15,428] INFO Property producer.type is overridden to sync (kafka.utils.VerifiableProperties)
[2015-12-17 16:15:15,428] INFO Property queue.buffering.max.messages is overridden to 10000 (kafka.utils.VerifiableProperties)
[2015-12-17 16:15:15,428] INFO Property queue.buffering.max.ms is overridden to 5000 (kafka.utils.VerifiableProperties)
[2015-12-17 16:15:15,428] INFO Property queue.enqueue.timeout.ms is overridden to -1 (kafka.utils.VerifiableProperties)
[2015-12-17 16:15:15,429] INFO Property request.required.acks is overridden to 0 (kafka.utils.VerifiableProperties)
[2015-12-17 16:15:15,429] INFO Property serializer.class is overridden to kafka.serializer.DefaultEncoder (kafka.utils.VerifiableProperties)
[2015-12-17 16:15:15,429] INFO Property topic.metadata.refresh.interval.ms is overridden to 600000 (kafka.utils.VerifiableProperties)
[2015-12-17 16:15:15,429] INFO Verifying properties (kafka.utils.VerifiableProperties)
[2015-12-17 16:15:15,429] INFO Property batch.num.messages is overridden to 200 (kafka.utils.VerifiableProperties)
[2015-12-17 16:15:15,430] INFO Property client.id is overridden to test-producer (kafka.utils.VerifiableProperties)
[2015-12-17 16:15:15,430] INFO Property compression.codec is overridden to snappy (kafka.utils.VerifiableProperties)
[2015-12-17 16:15:15,430] INFO Property message.send.max.retries is overridden to 3 (kafka.utils.VerifiableProperties)
[2015-12-17 16:15:15,430] INFO Property metadata.broker.list is overridden to 192.168.0.63:9092 (kafka.utils.VerifiableProperties)
[2015-12-17 16:15:15,430] INFO Property partitioner.class is overridden to kafka.producer.DefaultPartitioner (kafka.utils.VerifiableProperties)
[2015-12-17 16:15:15,430] INFO Property producer.type is overridden to sync (kafka.utils.VerifiableProperties)
[2015-12-17 16:15:15,431] INFO Property queue.buffering.max.messages is overridden to 10000 (kafka.utils.VerifiableProperties)
[2015-12-17 16:15:15,431] INFO Property queue.buffering.max.ms is overridden to 5000 (kafka.utils.VerifiableProperties)
[2015-12-17 16:15:15,431] INFO Property queue.enqueue.timeout.ms is overridden to -1 (kafka.utils.VerifiableProperties)
[2015-12-17 16:15:15,431] INFO Property request.required.acks is overridden to 0 (kafka.utils.VerifiableProperties)
[2015-12-17 16:15:15,431] INFO Property serializer.class is overridden to kafka.serializer.DefaultEncoder (kafka.utils.VerifiableProperties)
[2015-12-17 16:15:15,431] INFO Property topic.metadata.refresh.interval.ms is overridden to 600000 (kafka.utils.VerifiableProperties)
[2015-12-17 16:15:15,526] INFO Fetching metadata from broker id:0,host:192.168.0.63,port:9092 with correlation id 0 for 1 topic(s) Set(test) (kafka.client.ClientUtils$)
[2015-12-17 16:15:15,554] INFO Connected to 192.168.0.63:9092 for producing (kafka.producer.SyncProducer)
[2015-12-17 16:15:15,582] INFO Disconnecting from 192.168.0.63:9092 (kafka.producer.SyncProducer)
[2015-12-17 16:15:15,794] INFO Connected to PC201512041540:9092 for producing (kafka.producer.SyncProducer)
[2015-12-17 16:16:26,835] INFO Verifying properties (kafka.utils.VerifiableProperties)
[2015-12-17 16:16:26,870] INFO Property batch.num.messages is overridden to 200 (kafka.utils.VerifiableProperties)
[2015-12-17 16:16:26,870] INFO Property client.id is overridden to test-producer (kafka.utils.VerifiableProperties)
[2015-12-17 16:16:26,871] INFO Property compression.codec is overridden to snappy (kafka.utils.VerifiableProperties)
[2015-12-17 16:16:26,871] INFO Property message.send.max.retries is overridden to 3 (kafka.utils.VerifiableProperties)
[2015-12-17 16:16:26,871] INFO Property metadata.broker.list is overridden to 192.168.0.63:9092 (kafka.utils.VerifiableProperties)
[2015-12-17 16:16:26,871] INFO Property partitioner.class is overridden to kafka.producer.DefaultPartitioner (kafka.utils.VerifiableProperties)
[2015-12-17 16:16:26,871] INFO Property producer.type is overridden to sync (kafka.utils.VerifiableProperties)
[2015-12-17 16:16:26,871] INFO Property queue.buffering.max.messages is overridden to 10000 (kafka.utils.VerifiableProperties)
[2015-12-17 16:16:26,871] INFO Property queue.buffering.max.ms is overridden to 5000 (kafka.utils.VerifiableProperties)
[2015-12-17 16:16:26,872] INFO Property queue.enqueue.timeout.ms is overridden to -1 (kafka.utils.VerifiableProperties)
[2015-12-17 16:16:26,872] INFO Property request.required.acks is overridden to 0 (kafka.utils.VerifiableProperties)
[2015-12-17 16:16:26,872] INFO Property serializer.class is overridden to kafka.serializer.DefaultEncoder (kafka.utils.VerifiableProperties)
[2015-12-17 16:16:26,872] INFO Property topic.metadata.refresh.interval.ms is overridden to 600000 (kafka.utils.VerifiableProperties)
[2015-12-17 16:16:27,041] INFO Fetching metadata from broker id:0,host:192.168.0.63,port:9092 with correlation id 0 for 1 topic(s) Set(test) (kafka.client.ClientUtils$)
[2015-12-17 16:16:27,066] INFO Connected to 192.168.0.63:9092 for producing (kafka.producer.SyncProducer)
[2015-12-17 16:16:27,084] INFO Disconnecting from 192.168.0.63:9092 (kafka.producer.SyncProducer)
[2015-12-17 16:16:27,281] INFO Connected to PC201512041540:9092 for producing (kafka.producer.SyncProducer)
[2015-12-17 16:16:28,535] INFO Verifying properties (kafka.utils.VerifiableProperties)
[2015-12-17 16:16:28,536] INFO Property batch.num.messages is overridden to 200 (kafka.utils.VerifiableProperties)
[2015-12-17 16:16:28,536] INFO Property client.id is overridden to test-producer (kafka.utils.VerifiableProperties)
[2015-12-17 16:16:28,537] INFO Property compression.codec is overridden to snappy (kafka.utils.VerifiableProperties)
[2015-12-17 16:16:28,537] INFO Property message.send.max.retries is overridden to 3 (kafka.utils.VerifiableProperties)
[2015-12-17 16:16:28,538] INFO Property metadata.broker.list is overridden to 192.168.0.63:9092 (kafka.utils.VerifiableProperties)
[2015-12-17 16:16:28,538] INFO Property partitioner.class is overridden to kafka.producer.DefaultPartitioner (kafka.utils.VerifiableProperties)
[2015-12-17 16:16:28,540] INFO Property producer.type is overridden to sync (kafka.utils.VerifiableProperties)
[2015-12-17 16:16:28,540] INFO Property queue.buffering.max.messages is overridden to 10000 (kafka.utils.VerifiableProperties)
[2015-12-17 16:16:28,541] INFO Property queue.buffering.max.ms is overridden to 5000 (kafka.utils.VerifiableProperties)
[2015-12-17 16:16:28,541] INFO Property queue.enqueue.timeout.ms is overridden to -1 (kafka.utils.VerifiableProperties)
[2015-12-17 16:16:28,541] INFO Property request.required.acks is overridden to 0 (kafka.utils.VerifiableProperties)
[2015-12-17 16:16:28,542] INFO Property serializer.class is overridden to kafka.serializer.DefaultEncoder (kafka.utils.VerifiableProperties)
[2015-12-17 16:16:28,542] INFO Property topic.metadata.refresh.interval.ms is overridden to 600000 (kafka.utils.VerifiableProperties)
[2015-12-17 16:16:28,547] INFO Fetching metadata from broker id:0,host:192.168.0.63,port:9092 with correlation id 0 for 1 topic(s) Set(topic1) (kafka.client.ClientUtils$)
[2015-12-17 16:16:28,548] INFO Connected to 192.168.0.63:9092 for producing (kafka.producer.SyncProducer)
[2015-12-17 16:16:28,550] INFO Disconnecting from 192.168.0.63:9092 (kafka.producer.SyncProducer)
[2015-12-17 16:16:28,553] INFO Connected to PC201512041540:9092 for producing (kafka.producer.SyncProducer)
[2015-12-17 16:29:27,472] INFO Verifying properties (kafka.utils.VerifiableProperties)
[2015-12-17 16:29:27,508] INFO Property batch.num.messages is overridden to 200 (kafka.utils.VerifiableProperties)
[2015-12-17 16:29:27,508] INFO Property client.id is overridden to test-producer (kafka.utils.VerifiableProperties)
[2015-12-17 16:29:27,509] INFO Property compression.codec is overridden to snappy (kafka.utils.VerifiableProperties)
[2015-12-17 16:29:27,509] INFO Property message.send.max.retries is overridden to 3 (kafka.utils.VerifiableProperties)
[2015-12-17 16:29:27,509] INFO Property metadata.broker.list is overridden to 192.168.0.63:9092 (kafka.utils.VerifiableProperties)
[2015-12-17 16:29:27,509] INFO Property partitioner.class is overridden to kafka.producer.DefaultPartitioner (kafka.utils.VerifiableProperties)
[2015-12-17 16:29:27,509] INFO Property producer.type is overridden to sync (kafka.utils.VerifiableProperties)
[2015-12-17 16:29:27,509] INFO Property queue.buffering.max.messages is overridden to 10000 (kafka.utils.VerifiableProperties)
[2015-12-17 16:29:27,510] INFO Property queue.buffering.max.ms is overridden to 5000 (kafka.utils.VerifiableProperties)
[2015-12-17 16:29:27,510] INFO Property queue.enqueue.timeout.ms is overridden to -1 (kafka.utils.VerifiableProperties)
[2015-12-17 16:29:27,510] INFO Property request.required.acks is overridden to 0 (kafka.utils.VerifiableProperties)
[2015-12-17 16:29:27,510] INFO Property serializer.class is overridden to kafka.serializer.DefaultEncoder (kafka.utils.VerifiableProperties)
[2015-12-17 16:29:27,510] INFO Property topic.metadata.refresh.interval.ms is overridden to 600000 (kafka.utils.VerifiableProperties)
[2015-12-17 16:29:27,676] INFO Fetching metadata from broker id:0,host:192.168.0.63,port:9092 with correlation id 0 for 1 topic(s) Set(test) (kafka.client.ClientUtils$)
[2015-12-17 16:29:27,702] INFO Connected to 192.168.0.63:9092 for producing (kafka.producer.SyncProducer)
[2015-12-17 16:29:27,720] INFO Disconnecting from 192.168.0.63:9092 (kafka.producer.SyncProducer)
[2015-12-17 16:29:27,936] INFO Connected to PC201512041540:9092 for producing (kafka.producer.SyncProducer)
[2015-12-17 16:29:27,940] INFO Verifying properties (kafka.utils.VerifiableProperties)
[2015-12-17 16:29:27,940] INFO Property batch.num.messages is overridden to 200 (kafka.utils.VerifiableProperties)
[2015-12-17 16:29:27,941] INFO Property client.id is overridden to test-producer (kafka.utils.VerifiableProperties)
[2015-12-17 16:29:27,941] INFO Property compression.codec is overridden to snappy (kafka.utils.VerifiableProperties)
[2015-12-17 16:29:27,941] INFO Property message.send.max.retries is overridden to 3 (kafka.utils.VerifiableProperties)
[2015-12-17 16:29:27,941] INFO Property metadata.broker.list is overridden to 192.168.0.63:9092 (kafka.utils.VerifiableProperties)
[2015-12-17 16:29:27,941] INFO Property partitioner.class is overridden to kafka.producer.DefaultPartitioner (kafka.utils.VerifiableProperties)
[2015-12-17 16:29:27,941] INFO Property producer.type is overridden to sync (kafka.utils.VerifiableProperties)
[2015-12-17 16:29:27,941] INFO Property queue.buffering.max.messages is overridden to 10000 (kafka.utils.VerifiableProperties)
[2015-12-17 16:29:27,942] INFO Property queue.buffering.max.ms is overridden to 5000 (kafka.utils.VerifiableProperties)
[2015-12-17 16:29:27,942] INFO Property queue.enqueue.timeout.ms is overridden to -1 (kafka.utils.VerifiableProperties)
[2015-12-17 16:29:27,942] INFO Property request.required.acks is overridden to 0 (kafka.utils.VerifiableProperties)
[2015-12-17 16:29:27,942] INFO Property serializer.class is overridden to kafka.serializer.DefaultEncoder (kafka.utils.VerifiableProperties)
[2015-12-17 16:29:27,942] INFO Property topic.metadata.refresh.interval.ms is overridden to 600000 (kafka.utils.VerifiableProperties)
[2015-12-17 16:29:27,943] INFO Fetching metadata from broker id:0,host:192.168.0.63,port:9092 with correlation id 0 for 1 topic(s) Set(test) (kafka.client.ClientUtils$)
[2015-12-17 16:29:27,944] INFO Connected to 192.168.0.63:9092 for producing (kafka.producer.SyncProducer)
[2015-12-17 16:29:27,945] INFO Disconnecting from 192.168.0.63:9092 (kafka.producer.SyncProducer)
[2015-12-17 16:29:27,946] INFO Connected to PC201512041540:9092 for producing (kafka.producer.SyncProducer)
[2015-12-17 16:29:27,947] INFO Verifying properties (kafka.utils.VerifiableProperties)
[2015-12-17 16:29:27,947] INFO Property batch.num.messages is overridden to 200 (kafka.utils.VerifiableProperties)
[2015-12-17 16:29:27,948] INFO Property client.id is overridden to test-producer (kafka.utils.VerifiableProperties)
[2015-12-17 16:29:27,948] INFO Property compression.codec is overridden to snappy (kafka.utils.VerifiableProperties)
[2015-12-17 16:29:27,948] INFO Property message.send.max.retries is overridden to 3 (kafka.utils.VerifiableProperties)
[2015-12-17 16:29:27,948] INFO Property metadata.broker.list is overridden to 192.168.0.63:9092 (kafka.utils.VerifiableProperties)
[2015-12-17 16:29:27,948] INFO Property partitioner.class is overridden to kafka.producer.DefaultPartitioner (kafka.utils.VerifiableProperties)
[2015-12-17 16:29:27,949] INFO Property producer.type is overridden to sync (kafka.utils.VerifiableProperties)
[2015-12-17 16:29:27,949] INFO Property queue.buffering.max.messages is overridden to 10000 (kafka.utils.VerifiableProperties)
[2015-12-17 16:29:27,949] INFO Property queue.buffering.max.ms is overridden to 5000 (kafka.utils.VerifiableProperties)
[2015-12-17 16:29:27,949] INFO Property queue.enqueue.timeout.ms is overridden to -1 (kafka.utils.VerifiableProperties)
[2015-12-17 16:29:27,949] INFO Property request.required.acks is overridden to 0 (kafka.utils.VerifiableProperties)
[2015-12-17 16:29:27,949] INFO Property serializer.class is overridden to kafka.serializer.DefaultEncoder (kafka.utils.VerifiableProperties)
[2015-12-17 16:29:27,949] INFO Property topic.metadata.refresh.interval.ms is overridden to 600000 (kafka.utils.VerifiableProperties)
[2015-12-17 16:29:27,950] INFO Fetching metadata from broker id:0,host:192.168.0.63,port:9092 with correlation id 0 for 1 topic(s) Set(test) (kafka.client.ClientUtils$)
[2015-12-17 16:29:27,951] INFO Connected to 192.168.0.63:9092 for producing (kafka.producer.SyncProducer)
[2015-12-17 16:29:27,952] INFO Disconnecting from 192.168.0.63:9092 (kafka.producer.SyncProducer)
[2015-12-17 16:29:27,954] INFO Connected to PC201512041540:9092 for producing (kafka.producer.SyncProducer)
[2015-12-17 16:29:27,954] INFO Verifying properties (kafka.utils.VerifiableProperties)
[2015-12-17 16:29:27,954] INFO Property batch.num.messages is overridden to 200 (kafka.utils.VerifiableProperties)
[2015-12-17 16:29:27,955] INFO Property client.id is overridden to test-producer (kafka.utils.VerifiableProperties)
[2015-12-17 16:29:27,955] INFO Property compression.codec is overridden to snappy (kafka.utils.VerifiableProperties)
[2015-12-17 16:29:27,955] INFO Property message.send.max.retries is overridden to 3 (kafka.utils.VerifiableProperties)
[2015-12-17 16:29:27,955] INFO Property metadata.broker.list is overridden to 192.168.0.63:9092 (kafka.utils.VerifiableProperties)
[2015-12-17 16:29:27,956] INFO Property partitioner.class is overridden to kafka.producer.DefaultPartitioner (kafka.utils.VerifiableProperties)
[2015-12-17 16:29:27,956] INFO Property producer.type is overridden to sync (kafka.utils.VerifiableProperties)
[2015-12-17 16:29:27,956] INFO Property queue.buffering.max.messages is overridden to 10000 (kafka.utils.VerifiableProperties)
[2015-12-17 16:29:27,956] INFO Property queue.buffering.max.ms is overridden to 5000 (kafka.utils.VerifiableProperties)
[2015-12-17 16:29:27,956] INFO Property queue.enqueue.timeout.ms is overridden to -1 (kafka.utils.VerifiableProperties)
[2015-12-17 16:29:27,956] INFO Property request.required.acks is overridden to 0 (kafka.utils.VerifiableProperties)
[2015-12-17 16:29:27,956] INFO Property serializer.class is overridden to kafka.serializer.DefaultEncoder (kafka.utils.VerifiableProperties)
[2015-12-17 16:29:27,956] INFO Property topic.metadata.refresh.interval.ms is overridden to 600000 (kafka.utils.VerifiableProperties)
[2015-12-17 16:29:27,957] INFO Fetching metadata from broker id:0,host:192.168.0.63,port:9092 with correlation id 0 for 1 topic(s) Set(test) (kafka.client.ClientUtils$)
[2015-12-17 16:29:27,958] INFO Connected to 192.168.0.63:9092 for producing (kafka.producer.SyncProducer)
[2015-12-17 16:29:27,959] INFO Disconnecting from 192.168.0.63:9092 (kafka.producer.SyncProducer)
[2015-12-17 16:29:27,961] INFO Connected to PC201512041540:9092 for producing (kafka.producer.SyncProducer)
[2015-12-17 16:29:27,961] INFO Verifying properties (kafka.utils.VerifiableProperties)
[2015-12-17 16:29:27,962] INFO Property batch.num.messages is overridden to 200 (kafka.utils.VerifiableProperties)
[2015-12-17 16:29:27,962] INFO Property client.id is overridden to test-producer (kafka.utils.VerifiableProperties)
[2015-12-17 16:29:27,962] INFO Property compression.codec is overridden to snappy (kafka.utils.VerifiableProperties)
[2015-12-17 16:29:27,962] INFO Property message.send.max.retries is overridden to 3 (kafka.utils.VerifiableProperties)
[2015-12-17 16:29:27,963] INFO Property metadata.broker.list is overridden to 192.168.0.63:9092 (kafka.utils.VerifiableProperties)
[2015-12-17 16:29:27,963] INFO Property partitioner.class is overridden to kafka.producer.DefaultPartitioner (kafka.utils.VerifiableProperties)
[2015-12-17 16:29:27,963] INFO Property producer.type is overridden to sync (kafka.utils.VerifiableProperties)
[2015-12-17 16:29:27,963] INFO Property queue.buffering.max.messages is overridden to 10000 (kafka.utils.VerifiableProperties)
[2015-12-17 16:29:27,964] INFO Property queue.buffering.max.ms is overridden to 5000 (kafka.utils.VerifiableProperties)
[2015-12-17 16:29:27,964] INFO Property queue.enqueue.timeout.ms is overridden to -1 (kafka.utils.VerifiableProperties)
[2015-12-17 16:29:27,964] INFO Property request.required.acks is overridden to 0 (kafka.utils.VerifiableProperties)
[2015-12-17 16:29:27,964] INFO Property serializer.class is overridden to kafka.serializer.DefaultEncoder (kafka.utils.VerifiableProperties)
[2015-12-17 16:29:27,964] INFO Property topic.metadata.refresh.interval.ms is overridden to 600000 (kafka.utils.VerifiableProperties)
[2015-12-17 16:29:27,966] INFO Fetching metadata from broker id:0,host:192.168.0.63,port:9092 with correlation id 0 for 1 topic(s) Set(test) (kafka.client.ClientUtils$)
[2015-12-17 16:29:27,967] INFO Connected to 192.168.0.63:9092 for producing (kafka.producer.SyncProducer)
[2015-12-17 16:29:27,968] INFO Disconnecting from 192.168.0.63:9092 (kafka.producer.SyncProducer)
[2015-12-17 16:29:27,970] INFO Connected to PC201512041540:9092 for producing (kafka.producer.SyncProducer)
[2015-12-17 16:29:27,971] INFO Verifying properties (kafka.utils.VerifiableProperties)
[2015-12-17 16:29:27,971] INFO Property batch.num.messages is overridden to 200 (kafka.utils.VerifiableProperties)
[2015-12-17 16:29:27,971] INFO Property client.id is overridden to test-producer (kafka.utils.VerifiableProperties)
[2015-12-17 16:29:27,971] INFO Property compression.codec is overridden to snappy (kafka.utils.VerifiableProperties)
[2015-12-17 16:29:27,972] INFO Property message.send.max.retries is overridden to 3 (kafka.utils.VerifiableProperties)
[2015-12-17 16:29:27,972] INFO Property metadata.broker.list is overridden to 192.168.0.63:9092 (kafka.utils.VerifiableProperties)
[2015-12-17 16:29:27,972] INFO Property partitioner.class is overridden to kafka.producer.DefaultPartitioner (kafka.utils.VerifiableProperties)
[2015-12-17 16:29:27,972] INFO Property producer.type is overridden to sync (kafka.utils.VerifiableProperties)
[2015-12-17 16:29:27,972] INFO Property queue.buffering.max.messages is overridden to 10000 (kafka.utils.VerifiableProperties)
[2015-12-17 16:29:27,973] INFO Property queue.buffering.max.ms is overridden to 5000 (kafka.utils.VerifiableProperties)
[2015-12-17 16:29:27,973] INFO Property queue.enqueue.timeout.ms is overridden to -1 (kafka.utils.VerifiableProperties)
[2015-12-17 16:29:27,973] INFO Property request.required.acks is overridden to 0 (kafka.utils.VerifiableProperties)
[2015-12-17 16:29:27,973] INFO Property serializer.class is overridden to kafka.serializer.DefaultEncoder (kafka.utils.VerifiableProperties)
[2015-12-17 16:29:27,973] INFO Property topic.metadata.refresh.interval.ms is overridden to 600000 (kafka.utils.VerifiableProperties)
[2015-12-17 16:29:27,974] INFO Fetching metadata from broker id:0,host:192.168.0.63,port:9092 with correlation id 0 for 1 topic(s) Set(test) (kafka.client.ClientUtils$)
[2015-12-17 16:29:27,975] INFO Connected to 192.168.0.63:9092 for producing (kafka.producer.SyncProducer)
[2015-12-17 16:29:27,976] INFO Disconnecting from 192.168.0.63:9092 (kafka.producer.SyncProducer)
[2015-12-17 16:29:27,977] INFO Connected to PC201512041540:9092 for producing (kafka.producer.SyncProducer)
[2015-12-17 16:29:27,978] INFO Verifying properties (kafka.utils.VerifiableProperties)
[2015-12-17 16:29:27,978] INFO Property batch.num.messages is overridden to 200 (kafka.utils.VerifiableProperties)
[2015-12-17 16:29:27,978] INFO Property client.id is overridden to test-producer (kafka.utils.VerifiableProperties)
[2015-12-17 16:29:27,978] INFO Property compression.codec is overridden to snappy (kafka.utils.VerifiableProperties)
[2015-12-17 16:29:27,978] INFO Property message.send.max.retries is overridden to 3 (kafka.utils.VerifiableProperties)
[2015-12-17 16:29:27,979] INFO Property metadata.broker.list is overridden to 192.168.0.63:9092 (kafka.utils.VerifiableProperties)
[2015-12-17 16:29:27,979] INFO Property partitioner.class is overridden to kafka.producer.DefaultPartitioner (kafka.utils.VerifiableProperties)
[2015-12-17 16:29:27,979] INFO Property producer.type is overridden to sync (kafka.utils.VerifiableProperties)
[2015-12-17 16:29:27,980] INFO Property queue.buffering.max.messages is overridden to 10000 (kafka.utils.VerifiableProperties)
[2015-12-17 16:29:27,980] INFO Property queue.buffering.max.ms is overridden to 5000 (kafka.utils.VerifiableProperties)
[2015-12-17 16:29:27,980] INFO Property queue.enqueue.timeout.ms is overridden to -1 (kafka.utils.VerifiableProperties)
[2015-12-17 16:29:27,980] INFO Property request.required.acks is overridden to 0 (kafka.utils.VerifiableProperties)
[2015-12-17 16:29:27,980] INFO Property serializer.class is overridden to kafka.serializer.DefaultEncoder (kafka.utils.VerifiableProperties)
[2015-12-17 16:29:27,980] INFO Property topic.metadata.refresh.interval.ms is overridden to 600000 (kafka.utils.VerifiableProperties)
[2015-12-17 16:29:27,981] INFO Fetching metadata from broker id:0,host:192.168.0.63,port:9092 with correlation id 0 for 1 topic(s) Set(test) (kafka.client.ClientUtils$)
[2015-12-17 16:29:27,982] INFO Connected to 192.168.0.63:9092 for producing (kafka.producer.SyncProducer)
[2015-12-17 16:29:27,983] INFO Disconnecting from 192.168.0.63:9092 (kafka.producer.SyncProducer)
[2015-12-17 16:29:27,985] INFO Connected to PC201512041540:9092 for producing (kafka.producer.SyncProducer)
[2015-12-17 16:29:27,985] INFO Verifying properties (kafka.utils.VerifiableProperties)
[2015-12-17 16:29:27,986] INFO Property batch.num.messages is overridden to 200 (kafka.utils.VerifiableProperties)
[2015-12-17 16:29:27,986] INFO Property client.id is overridden to test-producer (kafka.utils.VerifiableProperties)
[2015-12-17 16:29:27,986] INFO Property compression.codec is overridden to snappy (kafka.utils.VerifiableProperties)
[2015-12-17 16:29:27,986] INFO Property message.send.max.retries is overridden to 3 (kafka.utils.VerifiableProperties)
[2015-12-17 16:29:27,986] INFO Property metadata.broker.list is overridden to 192.168.0.63:9092 (kafka.utils.VerifiableProperties)
[2015-12-17 16:29:27,987] INFO Property partitioner.class is overridden to kafka.producer.DefaultPartitioner (kafka.utils.VerifiableProperties)
[2015-12-17 16:29:27,987] INFO Property producer.type is overridden to sync (kafka.utils.VerifiableProperties)
[2015-12-17 16:29:27,987] INFO Property queue.buffering.max.messages is overridden to 10000 (kafka.utils.VerifiableProperties)
[2015-12-17 16:29:27,987] INFO Property queue.buffering.max.ms is overridden to 5000 (kafka.utils.VerifiableProperties)
[2015-12-17 16:29:27,987] INFO Property queue.enqueue.timeout.ms is overridden to -1 (kafka.utils.VerifiableProperties)
[2015-12-17 16:29:27,987] INFO Property request.required.acks is overridden to 0 (kafka.utils.VerifiableProperties)
[2015-12-17 16:29:27,987] INFO Property serializer.class is overridden to kafka.serializer.DefaultEncoder (kafka.utils.VerifiableProperties)
[2015-12-17 16:29:27,988] INFO Property topic.metadata.refresh.interval.ms is overridden to 600000 (kafka.utils.VerifiableProperties)
[2015-12-17 16:29:27,990] INFO Fetching metadata from broker id:0,host:192.168.0.63,port:9092 with correlation id 0 for 1 topic(s) Set(test) (kafka.client.ClientUtils$)
[2015-12-17 16:29:27,991] INFO Connected to 192.168.0.63:9092 for producing (kafka.producer.SyncProducer)
[2015-12-17 16:29:27,992] INFO Disconnecting from 192.168.0.63:9092 (kafka.producer.SyncProducer)
[2015-12-17 16:29:27,994] INFO Connected to PC201512041540:9092 for producing (kafka.producer.SyncProducer)
